<?xml version="1.0" encoding="UTF-8"?>
<!-- Generated by org.testng.reporters.JUnitXMLReporter -->
<testsuite ignored="0" hostname="LAPTOP-P6N7AQ2T" failures="0" tests="3" name="EdgeTest" time="29.46" errors="0" timestamp="2026-06-19T18:08:04 IST">
  <testcase classname="testscript.AdminUsersTest" name="verifyNewAdminUserCreation" time="6.962">
    <skipped/>
  </testcase> <!-- verifyNewAdminUserCreation -->
  <testcase classname="testscript.AdminUsersTest" name="verifyNewAdminUserCreation" time="6.165">
    <skipped/>
  </testcase> <!-- verifyNewAdminUserCreation -->
  <testcase classname="testscript.AdminUsersTest" name="verifyNewAdminUserCreation" time="1.968"/>
</testsuite> <!-- EdgeTest -->
