<?xml version="1.0" encoding="UTF-8"?>
<!-- Generated by org.testng.reporters.JUnitXMLReporter -->
<testsuite ignored="0" hostname="LAPTOP-P6N7AQ2T" failures="1" tests="4" name="EdgeTest" time="30.841" errors="0" timestamp="2026-06-25T18:10:11 IST">
  <testcase classname="testscript.AdminUsersTest" name="verifyNewAdminUserCreation" time="3.07">
    <skipped/>
  </testcase> <!-- verifyNewAdminUserCreation -->
  <testcase classname="testscript.AdminUsersTest" name="verifyNewAdminUserCreation" time="1.537">
    <skipped/>
  </testcase> <!-- verifyNewAdminUserCreation -->
  <testcase classname="testscript.AdminUsersTest" name="verifyNewAdminUserCreation" time="1.405">
    <skipped/>
  </testcase> <!-- verifyNewAdminUserCreation -->
  <testcase classname="testscript.AdminUsersTest" name="verifyNewAdminUserCreation" time="1.317">
    <failure type="org.openqa.selenium.UnhandledAlertException" message="unexpected alert open: {Alert text : xss}
  (Session info: chrome=149.0.7827.155): xss
Build info: version: &amp;apos;4.39.0&amp;apos;, revision: &amp;apos;126f156aee&amp;apos;
System info: os.name: &amp;apos;Windows 11&amp;apos;, os.arch: &amp;apos;amd64&amp;apos;, os.version: &amp;apos;10.0&amp;apos;, java.version: &amp;apos;21.0.10&amp;apos;
Driver info: org.openqa.selenium.chrome.ChromeDriver
Command: [6eeeaf9bfab78d478157a232f0f1f29e, findElement {value=a.btn.btn-rounded.btn-danger, using=css selector}]
Capabilities {acceptInsecureCerts: false, browserName: chrome, browserVersion: 149.0.7827.155, chrome: {chromedriverVersion: 149.0.7827.155 (07b52360cc1..., userDataDir: C:\Users\DEVIKA\AppData\Loc...}, fedcm:accounts: true, goog:chromeOptions: {debuggerAddress: localhost:64402}, goog:processID: 43128, networkConnectionEnabled: false, pageLoadStrategy: normal, platformName: windows, proxy: Proxy(), se:cdp: ws://localhost:64402/devtoo..., se:cdpVersion: 149.0.7827.155, setWindowRect: true, strictFileInteractability: false, timeouts: {implicit: 0, pageLoad: 300000, script: 30000}, unhandledPromptBehavior: dismiss and notify, webauthn:extension:credBlob: true, webauthn:extension:largeBlob: true, webauthn:extension:minPinLength: true, webauthn:extension:prf: true, webauthn:virtualAuthenticators: true}
Session ID: 6eeeaf9bfab78d478157a232f0f1f29e">
      <![CDATA[org.openqa.selenium.UnhandledAlertException: unexpected alert open: {Alert text : xss}
  (Session info: chrome=149.0.7827.155): xss
Build info: version: '4.39.0', revision: '126f156aee'
System info: os.name: 'Windows 11', os.arch: 'amd64', os.version: '10.0', java.version: '21.0.10'
Driver info: org.openqa.selenium.chrome.ChromeDriver
Command: [6eeeaf9bfab78d478157a232f0f1f29e, findElement {value=a.btn.btn-rounded.btn-danger, using=css selector}]
Capabilities {acceptInsecureCerts: false, browserName: chrome, browserVersion: 149.0.7827.155, chrome: {chromedriverVersion: 149.0.7827.155 (07b52360cc1..., userDataDir: C:\Users\DEVIKA\AppData\Loc...}, fedcm:accounts: true, goog:chromeOptions: {debuggerAddress: localhost:64402}, goog:processID: 43128, networkConnectionEnabled: false, pageLoadStrategy: normal, platformName: windows, proxy: Proxy(), se:cdp: ws://localhost:64402/devtoo..., se:cdpVersion: 149.0.7827.155, setWindowRect: true, strictFileInteractability: false, timeouts: {implicit: 0, pageLoad: 300000, script: 30000}, unhandledPromptBehavior: dismiss and notify, webauthn:extension:credBlob: true, webauthn:extension:largeBlob: true, webauthn:extension:minPinLength: true, webauthn:extension:prf: true, webauthn:virtualAuthenticators: true}
Session ID: 6eeeaf9bfab78d478157a232f0f1f29e
at org.openqa.selenium.remote.codec.w3c.W3CHttpResponseCodec.decode(W3CHttpResponseCodec.java:140)
at org.openqa.selenium.remote.codec.w3c.W3CHttpResponseCodec.decode(W3CHttpResponseCodec.java:49)
at org.openqa.selenium.remote.HttpCommandExecutor.execute(HttpCommandExecutor.java:215)
at org.openqa.selenium.remote.service.DriverCommandExecutor.invokeExecute(DriverCommandExecutor.java:216)
at org.openqa.selenium.remote.service.DriverCommandExecutor.execute(DriverCommandExecutor.java:174)
at org.openqa.selenium.remote.RemoteWebDriver.execute(RemoteWebDriver.java:561)
at org.openqa.selenium.remote.ElementLocation$ElementFinder$2.findElement(ElementLocation.java:166)
at org.openqa.selenium.remote.ElementLocation.findElement(ElementLocation.java:60)
at org.openqa.selenium.remote.RemoteWebDriver.findElement(RemoteWebDriver.java:384)
at org.openqa.selenium.remote.RemoteWebDriver.findElement(RemoteWebDriver.java:378)
at org.openqa.selenium.support.pagefactory.DefaultElementLocator.findElement(DefaultElementLocator.java:68)
at org.openqa.selenium.support.pagefactory.internal.LocatingElementHandler.invoke(LocatingElementHandler.java:38)
at jdk.proxy2/jdk.proxy2.$Proxy15.click(Unknown Source)
at pages.AdminUsersPage.createNewUser(AdminUsersPage.java:39)
at testscript.AdminUsersTest.verifyNewAdminUserCreation(AdminUsersTest.java:34)
at java.base/java.util.ArrayList.forEach(ArrayList.java:1596)
... Removed 25 stack frames]]>
    </failure>
  </testcase> <!-- verifyNewAdminUserCreation -->
</testsuite> <!-- EdgeTest -->
