<?xml version="1.0" encoding="UTF-8"?>
<!-- Generated by org.testng.reporters.JUnitXMLReporter -->
<testsuite ignored="8" hostname="LAPTOP-P6N7AQ2T" failures="0" tests="2" name="EdgeTest" time="6.168" errors="0" timestamp="2026-06-19T20:58:38 IST">
  <testcase classname="testscript.LoginTest" name="verifyValidUsernameAndValidPassword" time="1.194"/>
  <testcase classname="testscript.LogoutTest" name="verifySuccessfulLogout" time="0.813"/>
  <testcase classname="testscript.ManageNewsTest" name="verifyNewNewsCreation" time="0.0">
    <ignored/>
  </testcase> <!-- verifyNewNewsCreation -->
  <testcase classname="testscript.ManageContactTest" name="verifyEditContact" time="0.0">
    <ignored/>
  </testcase> <!-- verifyEditContact -->
  <testcase classname="testscript.LoginTest" name="verifyValidUsernameAndInvalidPassword" time="0.0">
    <ignored/>
  </testcase> <!-- verifyValidUsernameAndInvalidPassword -->
  <testcase classname="testscript.ManageCategoryTest" name="verifyNewCategoryCreation" time="0.0">
    <ignored/>
  </testcase> <!-- verifyNewCategoryCreation -->
  <testcase classname="testscript.ManageFooterTextTest" name="verifyEditFooterText" time="0.0">
    <ignored/>
  </testcase> <!-- verifyEditFooterText -->
  <testcase classname="testscript.AdminUsersTest" name="verifyNewAdminUserCreation" time="0.0">
    <ignored/>
  </testcase> <!-- verifyNewAdminUserCreation -->
  <testcase classname="testscript.LoginTest" name="verifyInvalidUsernameAndValidPassword" time="0.0">
    <ignored/>
  </testcase> <!-- verifyInvalidUsernameAndValidPassword -->
  <testcase classname="testscript.LoginTest" name="verifyInvalidUsernameAndInvalidPassword" time="0.0">
    <ignored/>
  </testcase> <!-- verifyInvalidUsernameAndInvalidPassword -->
</testsuite> <!-- EdgeTest -->
