<?xml version="1.0" encoding="UTF-8"?>
<!-- Generated by org.testng.reporters.JUnitXMLReporter -->
<testsuite ignored="0" hostname="LAPTOP-P6N7AQ2T" failures="0" tests="10" name="EdgeTest" time="45.718" errors="0" timestamp="2026-06-18T12:32:48 IST">
  <testcase classname="testscript.ManageCategoryTest" name="verifyNewCategoryCreation" time="6.3"/>
  <testcase classname="testscript.AdminUsersTest" name="verifyNewAdminUserCreation" time="3.414"/>
  <testcase classname="testscript.ManageContactTest" name="verifyEditContact" time="3.86"/>
  <testcase classname="testscript.ManageNewsTest" name="verifyNewNewsCreation" time="2.287"/>
  <testcase classname="testscript.ManageFooterTextTest" name="verifyEditFooterText" time="3.138"/>
  <testcase classname="testscript.LogoutTest" name="verifySuccessfulLogout" time="1.194"/>
  <testcase classname="testscript.LoginTest" name="verifyInvalidUsernameAndInvalidPassword" time="0.7"/>
  <testcase classname="testscript.LoginTest" name="verifyInvalidUsernameAndValidPassword" time="0.756"/>
  <testcase classname="testscript.LoginTest" name="verifyValidUsernameAndInvalidPassword" time="0.712"/>
  <testcase classname="testscript.LoginTest" name="verifyValidUsernameAndValidPassword" time="0.915"/>
</testsuite> <!-- EdgeTest -->
