<?xml version="1.0" encoding="UTF-8"?>
<!-- Generated by org.testng.reporters.JUnitXMLReporter -->
<testsuite ignored="0" hostname="LAPTOP-P6N7AQ2T" failures="0" tests="10" name="EdgeTest" time="40.123" errors="0" timestamp="2026-06-19T12:47:44 IST">
  <testcase classname="testscript.LoginTest" name="verifyInvalidUsernameAndInvalidPassword" time="1.057"/>
  <testcase classname="testscript.LoginTest" name="verifyInvalidUsernameAndValidPassword" time="0.456"/>
  <testcase classname="testscript.LoginTest" name="verifyValidUsernameAndInvalidPassword" time="0.396"/>
  <testcase classname="testscript.LoginTest" name="verifyValidUsernameAndValidPassword" time="0.691"/>
  <testcase classname="testscript.ManageCategoryTest" name="verifyNewCategoryCreation" time="3.078"/>
  <testcase classname="testscript.AdminUsersTest" name="verifyNewAdminUserCreation" time="2.099"/>
  <testcase classname="testscript.ManageContactTest" name="verifyEditContact" time="2.811"/>
  <testcase classname="testscript.ManageNewsTest" name="verifyNewNewsCreation" time="2.106"/>
  <testcase classname="testscript.ManageFooterTextTest" name="verifyEditFooterText" time="2.169"/>
  <testcase classname="testscript.LogoutTest" name="verifySuccessfulLogout" time="1.007"/>
</testsuite> <!-- EdgeTest -->
