<?xml version="1.0" encoding="UTF-8"?>
<!-- Generated by org.testng.reporters.JUnitXMLReporter -->
<testsuite ignored="0" hostname="LAPTOP-P6N7AQ2T" failures="0" tests="10" name="EdgeTest" time="35.812" errors="0" timestamp="2026-06-19T13:33:38 IST">
  <testcase classname="testscript.LoginTest" name="verifyInvalidUsernameAndInvalidPassword" time="1.131"/>
  <testcase classname="testscript.LoginTest" name="verifyInvalidUsernameAndValidPassword" time="0.381"/>
  <testcase classname="testscript.LoginTest" name="verifyValidUsernameAndInvalidPassword" time="0.419"/>
  <testcase classname="testscript.LoginTest" name="verifyValidUsernameAndValidPassword" time="0.814"/>
  <testcase classname="testscript.ManageCategoryTest" name="verifyNewCategoryCreation" time="2.986"/>
  <testcase classname="testscript.AdminUsersTest" name="verifyNewAdminUserCreation" time="1.723"/>
  <testcase classname="testscript.ManageContactTest" name="verifyEditContact" time="2.198"/>
  <testcase classname="testscript.ManageNewsTest" name="verifyNewNewsCreation" time="1.881"/>
  <testcase classname="testscript.ManageFooterTextTest" name="verifyEditFooterText" time="1.858"/>
  <testcase classname="testscript.LogoutTest" name="verifySuccessfulLogout" time="1.051"/>
</testsuite> <!-- EdgeTest -->
