<?xml version="1.0" encoding="UTF-8"?>
<!-- Generated by org.testng.reporters.JUnitXMLReporter -->
<testsuite ignored="0" hostname="LAPTOP-P6N7AQ2T" failures="0" tests="10" name="EdgeTest" time="44.915" errors="0" timestamp="2026-06-18T12:15:28 IST">
  <testcase classname="testscript.ManageCategoryTest" name="verifyNewCategoryCreation" time="5.556"/>
  <testcase classname="testscript.AdminUsersTest" name="verifyNewAdminUserCreation" time="3.061"/>
  <testcase classname="testscript.ManageContactTest" name="verifyEditContact" time="4.734"/>
  <testcase classname="testscript.ManageNewsTest" name="verifyNewNewsCreation" time="2.461"/>
  <testcase classname="testscript.ManageFooterTextTest" name="verifyEditFooterText" time="2.791"/>
  <testcase classname="testscript.LogoutTest" name="verifySuccessfulLogout" time="1.254"/>
  <testcase classname="testscript.LoginTest" name="verifyInvalidUsernameAndInvalidPassword" time="0.655"/>
  <testcase classname="testscript.LoginTest" name="verifyInvalidUsernameAndValidPassword" time="0.651"/>
  <testcase classname="testscript.LoginTest" name="verifyValidUsernameAndInvalidPassword" time="0.605"/>
  <testcase classname="testscript.LoginTest" name="verifyValidUsernameAndValidPassword" time="0.844"/>
</testsuite> <!-- EdgeTest -->
