<?xml version="1.0" encoding="UTF-8"?>
<!-- Generated by org.testng.reporters.JUnitXMLReporter -->
<testsuite ignored="0" hostname="LAPTOP-P6N7AQ2T" failures="2" tests="10" name="FirefoxTest" time="131.57" errors="0" timestamp="2026-06-18T12:17:39 IST">
  <testcase classname="testscript.ManageCategoryTest" name="verifyNewCategoryCreation" time="2.105">
    <failure type="org.openqa.selenium.interactions.MoveTargetOutOfBoundsException" message="Move target (334, 731) is out of bounds of viewport dimensions (1280, 667)
Build info: version: &amp;apos;4.39.0&amp;apos;, revision: &amp;apos;126f156aee&amp;apos;
System info: os.name: &amp;apos;Windows 11&amp;apos;, os.arch: &amp;apos;amd64&amp;apos;, os.version: &amp;apos;10.0&amp;apos;, java.version: &amp;apos;21.0.10&amp;apos;
Driver info: org.openqa.selenium.firefox.FirefoxDriver
Command: [0a501bf8-7453-4852-9bc4-4feabd3defe5, actions {actions=[org.openqa.selenium.interactions.Sequence@22ead351]}]
Capabilities {acceptInsecureCerts: true, browserName: firefox, browserVersion: 152.0, moz:accessibilityChecks: false, moz:buildID: 20260610172436, moz:geckodriverVersion: 0.37.0, moz:headless: false, moz:platformVersion: 10.0, moz:processID: 31184, moz:profile: C:\Users\DEVIKA\AppData\Loc..., moz:shutdownTimeout: 60000, moz:webdriverClick: true, moz:windowless: false, pageLoadStrategy: normal, platformName: windows, proxy: Proxy(), setWindowRect: true, strictFileInteractability: false, timeouts: {implicit: 0, pageLoad: 300000, script: 30000}, unhandledPromptBehavior: dismiss and notify, userAgent: Mozilla/5.0 (Windows NT 10....}
Session ID: 0a501bf8-7453-4852-9bc4-4feabd3defe5">
      <![CDATA[org.openqa.selenium.interactions.MoveTargetOutOfBoundsException: Move target (334, 731) is out of bounds of viewport dimensions (1280, 667)
Build info: version: '4.39.0', revision: '126f156aee'
System info: os.name: 'Windows 11', os.arch: 'amd64', os.version: '10.0', java.version: '21.0.10'
Driver info: org.openqa.selenium.firefox.FirefoxDriver
Command: [0a501bf8-7453-4852-9bc4-4feabd3defe5, actions {actions=[org.openqa.selenium.interactions.Sequence@22ead351]}]
Capabilities {acceptInsecureCerts: true, browserName: firefox, browserVersion: 152.0, moz:accessibilityChecks: false, moz:buildID: 20260610172436, moz:geckodriverVersion: 0.37.0, moz:headless: false, moz:platformVersion: 10.0, moz:processID: 31184, moz:profile: C:\Users\DEVIKA\AppData\Loc..., moz:shutdownTimeout: 60000, moz:webdriverClick: true, moz:windowless: false, pageLoadStrategy: normal, platformName: windows, proxy: Proxy(), setWindowRect: true, strictFileInteractability: false, timeouts: {implicit: 0, pageLoad: 300000, script: 30000}, unhandledPromptBehavior: dismiss and notify, userAgent: Mozilla/5.0 (Windows NT 10....}
Session ID: 0a501bf8-7453-4852-9bc4-4feabd3defe5
at org.openqa.selenium.remote.ErrorCodec.decode(ErrorCodec.java:167)
at org.openqa.selenium.remote.codec.w3c.W3CHttpResponseCodec.decode(W3CHttpResponseCodec.java:142)
at org.openqa.selenium.remote.codec.w3c.W3CHttpResponseCodec.decode(W3CHttpResponseCodec.java:49)
at org.openqa.selenium.remote.HttpCommandExecutor.execute(HttpCommandExecutor.java:215)
at org.openqa.selenium.remote.service.DriverCommandExecutor.invokeExecute(DriverCommandExecutor.java:216)
at org.openqa.selenium.remote.service.DriverCommandExecutor.execute(DriverCommandExecutor.java:174)
at org.openqa.selenium.remote.RemoteWebDriver.execute(RemoteWebDriver.java:561)
at org.openqa.selenium.remote.RemoteWebDriver.perform(RemoteWebDriver.java:651)
at org.openqa.selenium.interactions.Actions$BuiltAction.perform(Actions.java:616)
at org.openqa.selenium.interactions.Actions.perform(Actions.java:581)
at utilities.PageUtility.clickmethod(PageUtility.java:45)
at pages.ManageCategoryPage.createNewCategory(ManageCategoryPage.java:50)
at testscript.ManageCategoryTest.verifyNewCategoryCreation(ManageCategoryTest.java:26)
at java.base/java.util.ArrayList.forEach(ArrayList.java:1596)
... Removed 28 stack frames]]>
    </failure>
  </testcase> <!-- verifyNewCategoryCreation -->
  <testcase classname="testscript.AdminUsersTest" name="verifyNewAdminUserCreation" time="6.879">
    <failure type="org.openqa.selenium.NoSuchElementException" message="Unable to locate element: div.alert.alert-success.alert-dismissible
For documentation on this error, please visit: https://www.selenium.dev/documentation/webdriver/troubleshooting/errors#nosuchelementexception
Build info: version: &amp;apos;4.39.0&amp;apos;, revision: &amp;apos;126f156aee&amp;apos;
System info: os.name: &amp;apos;Windows 11&amp;apos;, os.arch: &amp;apos;amd64&amp;apos;, os.version: &amp;apos;10.0&amp;apos;, java.version: &amp;apos;21.0.10&amp;apos;
Driver info: org.openqa.selenium.firefox.FirefoxDriver
Command: [29c8f3f2-c052-4d02-a52f-5797fe25e109, findElement {value=div.alert.alert-success.alert-dismissible, using=css selector}]
Capabilities {acceptInsecureCerts: true, browserName: firefox, browserVersion: 152.0, moz:accessibilityChecks: false, moz:buildID: 20260610172436, moz:geckodriverVersion: 0.37.0, moz:headless: false, moz:platformVersion: 10.0, moz:processID: 280, moz:profile: C:\Users\DEVIKA\AppData\Loc..., moz:shutdownTimeout: 60000, moz:webdriverClick: true, moz:windowless: false, pageLoadStrategy: normal, platformName: windows, proxy: Proxy(), setWindowRect: true, strictFileInteractability: false, timeouts: {implicit: 0, pageLoad: 300000, script: 30000}, unhandledPromptBehavior: dismiss and notify, userAgent: Mozilla/5.0 (Windows NT 10....}
Session ID: 29c8f3f2-c052-4d02-a52f-5797fe25e109">
      <![CDATA[org.openqa.selenium.NoSuchElementException: Unable to locate element: div.alert.alert-success.alert-dismissible
For documentation on this error, please visit: https://www.selenium.dev/documentation/webdriver/troubleshooting/errors#nosuchelementexception
Build info: version: '4.39.0', revision: '126f156aee'
System info: os.name: 'Windows 11', os.arch: 'amd64', os.version: '10.0', java.version: '21.0.10'
Driver info: org.openqa.selenium.firefox.FirefoxDriver
Command: [29c8f3f2-c052-4d02-a52f-5797fe25e109, findElement {value=div.alert.alert-success.alert-dismissible, using=css selector}]
Capabilities {acceptInsecureCerts: true, browserName: firefox, browserVersion: 152.0, moz:accessibilityChecks: false, moz:buildID: 20260610172436, moz:geckodriverVersion: 0.37.0, moz:headless: false, moz:platformVersion: 10.0, moz:processID: 280, moz:profile: C:\Users\DEVIKA\AppData\Loc..., moz:shutdownTimeout: 60000, moz:webdriverClick: true, moz:windowless: false, pageLoadStrategy: normal, platformName: windows, proxy: Proxy(), setWindowRect: true, strictFileInteractability: false, timeouts: {implicit: 0, pageLoad: 300000, script: 30000}, unhandledPromptBehavior: dismiss and notify, userAgent: Mozilla/5.0 (Windows NT 10....}
Session ID: 29c8f3f2-c052-4d02-a52f-5797fe25e109
at org.openqa.selenium.remote.ErrorCodec.decode(ErrorCodec.java:167)
at org.openqa.selenium.remote.codec.w3c.W3CHttpResponseCodec.decode(W3CHttpResponseCodec.java:142)
at org.openqa.selenium.remote.codec.w3c.W3CHttpResponseCodec.decode(W3CHttpResponseCodec.java:49)
at org.openqa.selenium.remote.HttpCommandExecutor.execute(HttpCommandExecutor.java:215)
at org.openqa.selenium.remote.service.DriverCommandExecutor.invokeExecute(DriverCommandExecutor.java:216)
at org.openqa.selenium.remote.service.DriverCommandExecutor.execute(DriverCommandExecutor.java:174)
at org.openqa.selenium.remote.RemoteWebDriver.execute(RemoteWebDriver.java:561)
at org.openqa.selenium.remote.ElementLocation$ElementFinder$2.findElement(ElementLocation.java:166)
at org.openqa.selenium.remote.ElementLocation.findElement(ElementLocation.java:60)
at org.openqa.selenium.remote.RemoteWebDriver.findElement(RemoteWebDriver.java:384)
at org.openqa.selenium.remote.RemoteWebDriver.findElement(RemoteWebDriver.java:378)
at org.openqa.selenium.support.pagefactory.DefaultElementLocator.findElement(DefaultElementLocator.java:68)
at org.openqa.selenium.support.pagefactory.internal.LocatingElementHandler.invoke(LocatingElementHandler.java:38)
at jdk.proxy2/jdk.proxy2.$Proxy13.isDisplayed(Unknown Source)
at pages.AdminUsersPage.isUserSavedAlertDisplayed(AdminUsersPage.java:47)
at testscript.AdminUsersTest.verifyNewAdminUserCreation(AdminUsersTest.java:30)
at java.base/java.util.ArrayList.forEach(ArrayList.java:1596)
... Removed 28 stack frames]]>
    </failure>
  </testcase> <!-- verifyNewAdminUserCreation -->
  <testcase classname="testscript.ManageContactTest" name="verifyEditContact" time="2.986"/>
  <testcase classname="testscript.ManageNewsTest" name="verifyNewNewsCreation" time="2.016"/>
  <testcase classname="testscript.ManageFooterTextTest" name="verifyEditFooterText" time="2.694"/>
  <testcase classname="testscript.LogoutTest" name="verifySuccessfulLogout" time="1.149"/>
  <testcase classname="testscript.LoginTest" name="verifyInvalidUsernameAndInvalidPassword" time="0.646"/>
  <testcase classname="testscript.LoginTest" name="verifyInvalidUsernameAndValidPassword" time="0.739"/>
  <testcase classname="testscript.LoginTest" name="verifyValidUsernameAndInvalidPassword" time="0.765"/>
  <testcase classname="testscript.LoginTest" name="verifyValidUsernameAndValidPassword" time="0.883"/>
</testsuite> <!-- FirefoxTest -->
