<?xml version="1.0" encoding="UTF-8"?>
<!-- Generated by org.testng.reporters.JUnitXMLReporter -->
<testsuite ignored="0" hostname="LAPTOP-P6N7AQ2T" failures="0" tests="10" name="FirefoxTest" time="56.903" errors="0" timestamp="2026-06-19T13:34:35 IST">
  <testcase classname="testscript.LoginTest" name="verifyInvalidUsernameAndInvalidPassword" time="0.313"/>
  <testcase classname="testscript.LoginTest" name="verifyInvalidUsernameAndValidPassword" time="0.321"/>
  <testcase classname="testscript.LoginTest" name="verifyValidUsernameAndInvalidPassword" time="0.319"/>
  <testcase classname="testscript.LoginTest" name="verifyValidUsernameAndValidPassword" time="0.575"/>
  <testcase classname="testscript.ManageCategoryTest" name="verifyNewCategoryCreation" time="3.105"/>
  <testcase classname="testscript.AdminUsersTest" name="verifyNewAdminUserCreation" time="1.61"/>
  <testcase classname="testscript.ManageContactTest" name="verifyEditContact" time="2.558"/>
  <testcase classname="testscript.ManageNewsTest" name="verifyNewNewsCreation" time="1.503"/>
  <testcase classname="testscript.ManageFooterTextTest" name="verifyEditFooterText" time="1.674"/>
  <testcase classname="testscript.LogoutTest" name="verifySuccessfulLogout" time="0.783"/>
</testsuite> <!-- FirefoxTest -->
