<?xml version="1.0" encoding="UTF-8"?>
<!-- Generated by org.testng.reporters.JUnitReportReporter -->
<testsuite hostname="LAPTOP-P6N7AQ2T" failures="0" tests="2" name="testscript.ManageFooterTextTest" time="10.152" errors="0" timestamp="2026-06-19T13:34:35 IST" skipped="0">
  <testcase classname="testscript.ManageFooterTextTest" name="verifyEditFooterText" time="3.636"/>
  <testcase classname="testscript.ManageFooterTextTest" name="verifyEditFooterText" time="6.516"/>
</testsuite> <!-- testscript.ManageFooterTextTest -->
