<?xml version="1.0" encoding="UTF-8"?>
<!-- Generated by org.testng.reporters.JUnitReportReporter -->
<testsuite hostname="LAPTOP-P6N7AQ2T" failures="0" tests="2" name="testscript.ManageFooterTextTest" time="14.728" errors="0" timestamp="2026-06-18T12:33:43 IST" skipped="0">
  <testcase classname="testscript.ManageFooterTextTest" name="verifyEditFooterText" time="9.523"/>
  <testcase classname="testscript.ManageFooterTextTest" name="verifyEditFooterText" time="5.205"/>
</testsuite> <!-- testscript.ManageFooterTextTest -->
