<?xml version="1.0" encoding="UTF-8"?>
<!-- Generated by org.testng.reporters.JUnitReportReporter -->
<testsuite hostname="LAPTOP-P6N7AQ2T" failures="0" tests="4" name="testscript.LoginTest" time="12.717" errors="0" timestamp="2026-06-26T15:46:37 IST" skipped="0">
  <testcase classname="testscript.LoginTest" name="verifyValidUsernameAndInvalidPassword" time="2.987"/>
  <testcase classname="testscript.LoginTest" name="verifyInvalidUsernameAndInvalidPassword" time="3.546"/>
  <testcase classname="testscript.LoginTest" name="verifyInvalidUsernameAndValidPassword" time="2.621"/>
  <testcase classname="testscript.LoginTest" name="verifyValidUsernameAndValidPassword" time="3.563"/>
</testsuite> <!-- testscript.LoginTest -->
