<?xml version="1.0" encoding="UTF-8"?>
<!-- Generated by org.testng.reporters.JUnitReportReporter -->
<testsuite hostname="LAPTOP-P6N7AQ2T" failures="0" tests="2" name="testscript.ManageNewsTest" time="15.209" errors="0" timestamp="2026-06-18T12:33:43 IST" skipped="0">
  <testcase classname="testscript.ManageNewsTest" name="verifyNewNewsCreation" time="4.566"/>
  <testcase classname="testscript.ManageNewsTest" name="verifyNewNewsCreation" time="10.643"/>
</testsuite> <!-- testscript.ManageNewsTest -->
