<?xml version="1.0" encoding="UTF-8"?>
<!-- Generated by org.testng.reporters.JUnitReportReporter -->
<testsuite hostname="LAPTOP-P6N7AQ2T" failures="0" tests="2" name="testscript.ManageNewsTest" time="9.987" errors="0" timestamp="2026-06-19T13:34:35 IST" skipped="0">
  <testcase classname="testscript.ManageNewsTest" name="verifyNewNewsCreation" time="3.902"/>
  <testcase classname="testscript.ManageNewsTest" name="verifyNewNewsCreation" time="6.085"/>
</testsuite> <!-- testscript.ManageNewsTest -->
