<?xml version="1.0" encoding="UTF-8"?>
<!-- Generated by org.testng.reporters.JUnitReportReporter -->
<testsuite hostname="LAPTOP-P6N7AQ2T" failures="0" tests="2" name="testscript.ManageCategoryTest" time="12.453" errors="0" timestamp="2026-06-19T13:34:35 IST" skipped="0">
  <testcase classname="testscript.ManageCategoryTest" name="verifyNewCategoryCreation" time="7.480"/>
  <testcase classname="testscript.ManageCategoryTest" name="verifyNewCategoryCreation" time="4.973"/>
</testsuite> <!-- testscript.ManageCategoryTest -->
