<?xml version="1.0" encoding="UTF-8"?>
<!-- Generated by org.testng.reporters.JUnitReportReporter -->
<testsuite hostname="LAPTOP-P6N7AQ2T" failures="0" tests="2" name="testscript.ManageContactTest" time="17.473" errors="0" timestamp="2026-06-18T12:33:43 IST" skipped="0">
  <testcase classname="testscript.ManageContactTest" name="verifyEditContact" time="5.993"/>
  <testcase classname="testscript.ManageContactTest" name="verifyEditContact" time="11.480"/>
</testsuite> <!-- testscript.ManageContactTest -->
