<?xml version="1.0" encoding="UTF-8"?>
<!-- Generated by org.testng.reporters.JUnitReportReporter -->
<testsuite hostname="LAPTOP-P6N7AQ2T" failures="0" tests="3" name="testscript.AdminUsersTest" time="29.423" errors="0" timestamp="2026-06-19T18:08:04 IST" skipped="2">
  <testcase classname="testscript.AdminUsersTest" name="verifyNewAdminUserCreation" time="8.758">
    <skipped/>
  </testcase> <!-- verifyNewAdminUserCreation -->
  <testcase classname="testscript.AdminUsersTest" name="verifyNewAdminUserCreation" time="16.641">
    <skipped/>
  </testcase> <!-- verifyNewAdminUserCreation -->
  <testcase classname="testscript.AdminUsersTest" name="verifyNewAdminUserCreation" time="4.024"/>
</testsuite> <!-- testscript.AdminUsersTest -->
