<?xml version="1.0" encoding="UTF-8"?>
<!-- Generated by org.testng.reporters.JUnitReportReporter -->
<testsuite hostname="LAPTOP-P6N7AQ2T" failures="0" tests="8" name="testscript.LoginTest" time="45.713" errors="0" timestamp="2026-06-18T12:33:43 IST" skipped="0">
  <testcase classname="testscript.LoginTest" name="verifyInvalidUsernameAndValidPassword" time="7.945"/>
  <testcase classname="testscript.LoginTest" name="verifyValidUsernameAndValidPassword" time="8.851"/>
  <testcase classname="testscript.LoginTest" name="verifyValidUsernameAndInvalidPassword" time="2.724"/>
  <testcase classname="testscript.LoginTest" name="verifyInvalidUsernameAndInvalidPassword" time="2.819"/>
  <testcase classname="testscript.LoginTest" name="verifyInvalidUsernameAndValidPassword" time="2.948"/>
  <testcase classname="testscript.LoginTest" name="verifyValidUsernameAndInvalidPassword" time="8.957"/>
  <testcase classname="testscript.LoginTest" name="verifyValidUsernameAndValidPassword" time="2.921"/>
  <testcase classname="testscript.LoginTest" name="verifyInvalidUsernameAndInvalidPassword" time="8.548"/>
</testsuite> <!-- testscript.LoginTest -->
